<?xml version="1.0" encoding="UTF-8"?>
<testng-results ignored="0" total="1" passed="1" failed="0" skipped="0">
  <reporter-output>
  </reporter-output>
  <suite started-at="2024-02-03T22:28:02 IST" name="Default suite" finished-at="2024-02-03T22:28:13 IST" duration-ms="11352">
    <groups>
    </groups>
    <test started-at="2024-02-03T22:28:02 IST" name="Default test" finished-at="2024-02-03T22:28:13 IST" duration-ms="11352">
      <class name="Action.BaseClass1">
        <test-method is-config="true" signature="lunchBrowser()[pri:0, instance:Action.BaseClass1@4145bad8]" started-at="2024-02-03T22:28:02 IST" name="lunchBrowser" finished-at="2024-02-03T22:28:08 IST" duration-ms="6451" status="PASS">
          <reporter-output>
          </reporter-output>
        </test-method> <!-- lunchBrowser -->
        <test-method signature="registrationMethod()[pri:0, instance:Action.BaseClass1@4145bad8]" started-at="2024-02-03T22:28:08 IST" name="registrationMethod" finished-at="2024-02-03T22:28:13 IST" duration-ms="4835" status="PASS">
          <reporter-output>
          </reporter-output>
        </test-method> <!-- registrationMethod -->
        <test-method is-config="true" signature="closeMethod()[pri:0, instance:Action.BaseClass1@4145bad8]" started-at="2024-02-03T22:28:13 IST" name="closeMethod" finished-at="2024-02-03T22:28:13 IST" duration-ms="0" status="PASS">
          <reporter-output>
          </reporter-output>
        </test-method> <!-- closeMethod -->
      </class> <!-- Action.BaseClass1 -->
    </test> <!-- Default test -->
  </suite> <!-- Default suite -->
</testng-results>
